Determining if the pthread_create exist failed with the following output:
Change Dir: /home/quinn/thepowerofcuda/CMakeFiles/CMakeTmp

Run Build Command:"/usr/bin/make" "cmTC_803ba/fast"
/usr/bin/make -f CMakeFiles/cmTC_803ba.dir/build.make CMakeFiles/cmTC_803ba.dir/build
make[1]: Entering directory '/home/quinn/thepowerofcuda/CMakeFiles/CMakeTmp'
Building C object CMakeFiles/cmTC_803ba.dir/CheckSymbolExists.c.o
/usr/bin/cc    -fPIC    -o CMakeFiles/cmTC_803ba.dir/CheckSymbolExists.c.o   -c /home/quinn/thepowerofcuda/CMakeFiles/CMakeTmp/CheckSymbolExists.c
Linking C executable cmTC_803ba
/usr/bin/cmake -E cmake_link_script CMakeFiles/cmTC_803ba.dir/link.txt --verbose=1
/usr/bin/cc  -fPIC     CMakeFiles/cmTC_803ba.dir/CheckSymbolExists.c.o  -o cmTC_803ba -rdynamic 
CMakeFiles/cmTC_803ba.dir/CheckSymbolExists.c.o: In function `main':
CheckSymbolExists.c:(.text+0x1b): undefined reference to `pthread_create'
collect2: error: ld returned 1 exit status
make[1]: *** [CMakeFiles/cmTC_803ba.dir/build.make:98: cmTC_803ba] Error 1
make[1]: Leaving directory '/home/quinn/thepowerofcuda/CMakeFiles/CMakeTmp'
make: *** [Makefile:126: cmTC_803ba/fast] Error 2

File /home/quinn/thepowerofcuda/CMakeFiles/CMakeTmp/CheckSymbolExists.c:
/* */
#include <pthread.h>

int main(int argc, char** argv)
{
  (void)argv;
#ifndef pthread_create
  return ((int*)(&pthread_create))[argc];
#else
  (void)argc;
  return 0;
#endif
}

Determining if the function pthread_create exists in the pthreads failed with the following output:
Change Dir: /home/quinn/thepowerofcuda/CMakeFiles/CMakeTmp

Run Build Command:"/usr/bin/make" "cmTC_7ecf1/fast"
/usr/bin/make -f CMakeFiles/cmTC_7ecf1.dir/build.make CMakeFiles/cmTC_7ecf1.dir/build
make[1]: Entering directory '/home/quinn/thepowerofcuda/CMakeFiles/CMakeTmp'
Building C object CMakeFiles/cmTC_7ecf1.dir/CheckFunctionExists.c.o
/usr/bin/cc    -fPIC -DCHECK_FUNCTION_EXISTS=pthread_create   -o CMakeFiles/cmTC_7ecf1.dir/CheckFunctionExists.c.o   -c /usr/share/cmake-3.7/Modules/CheckFunctionExists.c
Linking C executable cmTC_7ecf1
/usr/bin/cmake -E cmake_link_script CMakeFiles/cmTC_7ecf1.dir/link.txt --verbose=1
/usr/bin/cc  -fPIC -DCHECK_FUNCTION_EXISTS=pthread_create    CMakeFiles/cmTC_7ecf1.dir/CheckFunctionExists.c.o  -o cmTC_7ecf1 -rdynamic -lpthreads 
/usr/bin/ld: cannot find -lpthreads
collect2: error: ld returned 1 exit status
make[1]: *** [CMakeFiles/cmTC_7ecf1.dir/build.make:98: cmTC_7ecf1] Error 1
make[1]: Leaving directory '/home/quinn/thepowerofcuda/CMakeFiles/CMakeTmp'
make: *** [Makefile:126: cmTC_7ecf1/fast] Error 2


